2013-04-30 23:47:43 Error: [MissingControllerException] Controller class AdminController could not be found.
Exception Attributes: array (
  'class' => 'AdminController',
  'plugin' => NULL,
)
Request URL: /cms_inline/admin
Stack Trace:
#0 C:\xampp\htdocs\cms_inline\app\webroot\index.php(109): Dispatcher->dispatch(Object(CakeRequest), Object(CakeResponse))
#1 {main}
2013-04-30 23:47:43 Error: [MissingControllerException] Controller class CssController could not be found.
Exception Attributes: array (
  'class' => 'CssController',
  'plugin' => NULL,
)
Request URL: /cms_inline/css/cake.generic.css
Stack Trace:
#0 C:\xampp\htdocs\cms_inline\app\webroot\index.php(109): Dispatcher->dispatch(Object(CakeRequest), Object(CakeResponse))
#1 {main}
2013-04-30 23:47:56 Error: [MissingControllerException] Controller class AdminController could not be found.
Exception Attributes: array (
  'class' => 'AdminController',
  'plugin' => NULL,
)
Request URL: /cms_inline/admin
Stack Trace:
#0 C:\xampp\htdocs\cms_inline\app\webroot\index.php(109): Dispatcher->dispatch(Object(CakeRequest), Object(CakeResponse))
#1 {main}
2013-04-30 23:47:56 Error: [MissingControllerException] Controller class CssController could not be found.
Exception Attributes: array (
  'class' => 'CssController',
  'plugin' => NULL,
)
Request URL: /cms_inline/css/cake.generic.css
Stack Trace:
#0 C:\xampp\htdocs\cms_inline\app\webroot\index.php(109): Dispatcher->dispatch(Object(CakeRequest), Object(CakeResponse))
#1 {main}
2013-04-30 23:47:58 Error: [MissingControllerException] Controller class UsersController could not be found.
Exception Attributes: array (
  'class' => 'UsersController',
  'plugin' => NULL,
)
Request URL: /cms_inline/admin/Users/login
Stack Trace:
#0 C:\xampp\htdocs\cms_inline\app\webroot\index.php(109): Dispatcher->dispatch(Object(CakeRequest), Object(CakeResponse))
#1 {main}
2013-04-30 23:47:58 Error: [MissingControllerException] Controller class CssController could not be found.
Exception Attributes: array (
  'class' => 'CssController',
  'plugin' => NULL,
)
Request URL: /cms_inline/css/cake.generic.css
Stack Trace:
#0 C:\xampp\htdocs\cms_inline\app\webroot\index.php(109): Dispatcher->dispatch(Object(CakeRequest), Object(CakeResponse))
#1 {main}
2013-04-30 23:48:06 Error: [MissingControllerException] Controller class UsersController could not be found.
Exception Attributes: array (
  'class' => 'UsersController',
  'plugin' => NULL,
)
Request URL: /cms_inline/admin/Users/login
Stack Trace:
#0 C:\xampp\htdocs\cms_inline\app\webroot\index.php(109): Dispatcher->dispatch(Object(CakeRequest), Object(CakeResponse))
#1 {main}
2013-04-30 23:48:06 Error: [MissingControllerException] Controller class CssController could not be found.
Exception Attributes: array (
  'class' => 'CssController',
  'plugin' => NULL,
)
Request URL: /cms_inline/css/cake.generic.css
Stack Trace:
#0 C:\xampp\htdocs\cms_inline\app\webroot\index.php(109): Dispatcher->dispatch(Object(CakeRequest), Object(CakeResponse))
#1 {main}
2013-04-30 23:48:24 Error: [MissingActionException] Action PaginasController::admin_display() could not be found.
Exception Attributes: array (
  'controller' => 'PaginasController',
  'action' => 'admin_display',
)
Request URL: /cms_inline/
Stack Trace:
#0 C:\xampp\htdocs\cms_inline\lib\Cake\Routing\Dispatcher.php(187): Controller->invokeAction(Object(CakeRequest))
#1 C:\xampp\htdocs\cms_inline\lib\Cake\Routing\Dispatcher.php(162): Dispatcher->_invoke(Object(PaginasController), Object(CakeRequest), Object(CakeResponse))
#2 C:\xampp\htdocs\cms_inline\app\webroot\index.php(109): Dispatcher->dispatch(Object(CakeRequest), Object(CakeResponse))
#3 {main}
2013-04-30 23:48:24 Error: [MissingControllerException] Controller class CssController could not be found.
Exception Attributes: array (
  'class' => 'CssController',
  'plugin' => NULL,
)
Request URL: /cms_inline/css/cake.generic.css
Stack Trace:
#0 C:\xampp\htdocs\cms_inline\app\webroot\index.php(109): Dispatcher->dispatch(Object(CakeRequest), Object(CakeResponse))
#1 {main}
2013-04-30 23:48:56 Error: [MissingActionException] Action PaginasController::admin_display() could not be found.
Exception Attributes: array (
  'controller' => 'PaginasController',
  'action' => 'admin_display',
)
Request URL: /cms_inline/
Stack Trace:
#0 C:\xampp\htdocs\cms_inline\lib\Cake\Routing\Dispatcher.php(187): Controller->invokeAction(Object(CakeRequest))
#1 C:\xampp\htdocs\cms_inline\lib\Cake\Routing\Dispatcher.php(162): Dispatcher->_invoke(Object(PaginasController), Object(CakeRequest), Object(CakeResponse))
#2 C:\xampp\htdocs\cms_inline\app\webroot\index.php(109): Dispatcher->dispatch(Object(CakeRequest), Object(CakeResponse))
#3 {main}
2013-04-30 23:51:25 Error: [MissingControllerException] Controller class AdminnController could not be found.
Exception Attributes: array (
  'class' => 'AdminnController',
  'plugin' => NULL,
)
Request URL: /cms_inline/adminn
Stack Trace:
#0 C:\xampp\htdocs\cms_inline\app\webroot\index.php(109): Dispatcher->dispatch(Object(CakeRequest), Object(CakeResponse))
#1 {main}
2013-04-30 23:51:25 Error: [MissingControllerException] Controller class CssController could not be found.
Exception Attributes: array (
  'class' => 'CssController',
  'plugin' => NULL,
)
Request URL: /cms_inline/css/cake.generic.css
Stack Trace:
#0 C:\xampp\htdocs\cms_inline\app\webroot\index.php(109): Dispatcher->dispatch(Object(CakeRequest), Object(CakeResponse))
#1 {main}
2013-04-30 23:51:27 Error: [MissingControllerException] Controller class UsersController could not be found.
Exception Attributes: array (
  'class' => 'UsersController',
  'plugin' => NULL,
)
Request URL: /cms_inline/admin/Users/login
Stack Trace:
#0 C:\xampp\htdocs\cms_inline\app\webroot\index.php(109): Dispatcher->dispatch(Object(CakeRequest), Object(CakeResponse))
#1 {main}
2013-04-30 23:51:27 Error: [MissingControllerException] Controller class CssController could not be found.
Exception Attributes: array (
  'class' => 'CssController',
  'plugin' => NULL,
)
Request URL: /cms_inline/css/cake.generic.css
Stack Trace:
#0 C:\xampp\htdocs\cms_inline\app\webroot\index.php(109): Dispatcher->dispatch(Object(CakeRequest), Object(CakeResponse))
#1 {main}
2013-04-30 23:51:35 Error: [MissingControllerException] Controller class CssController could not be found.
Exception Attributes: array (
  'class' => 'CssController',
  'plugin' => NULL,
)
Request URL: /cms_inline/css/cake.generic.css
Stack Trace:
#0 C:\xampp\htdocs\cms_inline\app\webroot\index.php(109): Dispatcher->dispatch(Object(CakeRequest), Object(CakeResponse))
#1 {main}
2013-05-01 00:08:28 Error: [MissingViewException] View file "C:\xampp\htdocs\cms_inline\app\View\Users\login.ctp" is missing.
Exception Attributes: array (
  'file' => 'C:\\xampp\\htdocs\\cms_inline\\app\\View\\Users\\login.ctp',
)
Request URL: /cms_inline/Users/login
Stack Trace:
#0 C:\xampp\htdocs\cms_inline\lib\Cake\View\View.php(468): View->_getViewFileName(NULL)
#1 C:\xampp\htdocs\cms_inline\lib\Cake\Controller\Controller.php(948): View->render(NULL, NULL)
#2 C:\xampp\htdocs\cms_inline\lib\Cake\Routing\Dispatcher.php(194): Controller->render()
#3 C:\xampp\htdocs\cms_inline\lib\Cake\Routing\Dispatcher.php(162): Dispatcher->_invoke(Object(UsersController), Object(CakeRequest), Object(CakeResponse))
#4 C:\xampp\htdocs\cms_inline\app\webroot\index.php(109): Dispatcher->dispatch(Object(CakeRequest), Object(CakeResponse))
#5 {main}
2013-05-01 00:08:28 Error: [MissingControllerException] Controller class CssController could not be found.
Exception Attributes: array (
  'class' => 'CssController',
  'plugin' => NULL,
)
Request URL: /cms_inline/css/cake.generic.css
Stack Trace:
#0 C:\xampp\htdocs\cms_inline\app\webroot\index.php(109): Dispatcher->dispatch(Object(CakeRequest), Object(CakeResponse))
#1 {main}
2013-05-01 00:09:09 Error: [MissingTableException] Table useres for model User was not found in datasource default.
Exception Attributes: array (
  'table' => 'useres',
  'class' => 'User',
  'ds' => 'default',
)
Request URL: /cms_inline/Users/login
Stack Trace:
#0 C:\xampp\htdocs\cms_inline\lib\Cake\Model\Model.php(3243): Model->setSource('useres')
#1 C:\xampp\htdocs\cms_inline\lib\Cake\Model\Model.php(1319): Model->getDataSource()
#2 C:\xampp\htdocs\cms_inline\lib\Cake\View\Helper\FormHelper.php(198): Model->schema()
#3 C:\xampp\htdocs\cms_inline\lib\Cake\View\Helper\FormHelper.php(448): FormHelper->_introspectModel('User', 'fields')
#4 C:\xampp\htdocs\cms_inline\app\View\Users\login.ctp(9): FormHelper->create('User', Array)
#5 C:\xampp\htdocs\cms_inline\lib\Cake\View\View.php(947): include('C:\xampp\htdocs...')
#6 C:\xampp\htdocs\cms_inline\lib\Cake\View\View.php(909): View->_evaluate('C:\xampp\htdocs...', Array)
#7 C:\xampp\htdocs\cms_inline\lib\Cake\View\View.php(471): View->_render('C:\xampp\htdocs...')
#8 C:\xampp\htdocs\cms_inline\lib\Cake\Controller\Controller.php(948): View->render(NULL, NULL)
#9 C:\xampp\htdocs\cms_inline\lib\Cake\Routing\Dispatcher.php(194): Controller->render()
#10 C:\xampp\htdocs\cms_inline\lib\Cake\Routing\Dispatcher.php(162): Dispatcher->_invoke(Object(UsersController), Object(CakeRequest), Object(CakeResponse))
#11 C:\xampp\htdocs\cms_inline\app\webroot\index.php(109): Dispatcher->dispatch(Object(CakeRequest), Object(CakeResponse))
#12 {main}
2013-05-01 00:09:10 Error: [MissingControllerException] Controller class CssController could not be found.
Exception Attributes: array (
  'class' => 'CssController',
  'plugin' => NULL,
)
Request URL: /cms_inline/css/cake.generic.css
Stack Trace:
#0 C:\xampp\htdocs\cms_inline\app\webroot\index.php(109): Dispatcher->dispatch(Object(CakeRequest), Object(CakeResponse))
#1 {main}
2013-05-01 00:11:22 Error: [MissingControllerException] Controller class CssController could not be found.
Exception Attributes: array (
  'class' => 'CssController',
  'plugin' => NULL,
)
Request URL: /cms_inline/css/cake.generic.css
Stack Trace:
#0 C:\xampp\htdocs\cms_inline\app\webroot\index.php(109): Dispatcher->dispatch(Object(CakeRequest), Object(CakeResponse))
#1 {main}
2013-05-01 00:11:22 Error: [MissingControllerException] Controller class CssController could not be found.
Exception Attributes: array (
  'class' => 'CssController',
  'plugin' => NULL,
)
Request URL: /cms_inline/css/login.css
Stack Trace:
#0 C:\xampp\htdocs\cms_inline\app\webroot\index.php(109): Dispatcher->dispatch(Object(CakeRequest), Object(CakeResponse))
#1 {main}
2013-05-01 00:11:50 Error: [MissingControllerException] Controller class CssController could not be found.
Exception Attributes: array (
  'class' => 'CssController',
  'plugin' => NULL,
)
Request URL: /cms_inline/css/login.css
Stack Trace:
#0 C:\xampp\htdocs\cms_inline\app\webroot\index.php(109): Dispatcher->dispatch(Object(CakeRequest), Object(CakeResponse))
#1 {main}
2013-05-01 00:11:50 Error: [MissingControllerException] Controller class CssController could not be found.
Exception Attributes: array (
  'class' => 'CssController',
  'plugin' => NULL,
)
Request URL: /cms_inline/css/cake.generic.css
Stack Trace:
#0 C:\xampp\htdocs\cms_inline\app\webroot\index.php(109): Dispatcher->dispatch(Object(CakeRequest), Object(CakeResponse))
#1 {main}
2013-05-01 00:12:40 Error: [MissingControllerException] Controller class CssController could not be found.
Exception Attributes: array (
  'class' => 'CssController',
  'plugin' => NULL,
)
Request URL: /cms_inline/css/login.css
Stack Trace:
#0 C:\xampp\htdocs\cms_inline\app\webroot\index.php(109): Dispatcher->dispatch(Object(CakeRequest), Object(CakeResponse))
#1 {main}
2013-05-01 00:12:40 Error: [MissingControllerException] Controller class CssController could not be found.
Exception Attributes: array (
  'class' => 'CssController',
  'plugin' => NULL,
)
Request URL: /cms_inline/css/cake.generic.css
Stack Trace:
#0 C:\xampp\htdocs\cms_inline\app\webroot\index.php(109): Dispatcher->dispatch(Object(CakeRequest), Object(CakeResponse))
#1 {main}
2013-05-01 00:12:44 Error: [MissingControllerException] Controller class CssController could not be found.
Exception Attributes: array (
  'class' => 'CssController',
  'plugin' => NULL,
)
Request URL: /cms_inline/css/login.css
Stack Trace:
#0 C:\xampp\htdocs\cms_inline\app\webroot\index.php(109): Dispatcher->dispatch(Object(CakeRequest), Object(CakeResponse))
#1 {main}
2013-05-01 00:12:44 Error: [MissingControllerException] Controller class CssController could not be found.
Exception Attributes: array (
  'class' => 'CssController',
  'plugin' => NULL,
)
Request URL: /cms_inline/css/cake.generic.css
Stack Trace:
#0 C:\xampp\htdocs\cms_inline\app\webroot\index.php(109): Dispatcher->dispatch(Object(CakeRequest), Object(CakeResponse))
#1 {main}
2013-05-01 00:13:32 Error: [MissingControllerException] Controller class CssController could not be found.
Exception Attributes: array (
  'class' => 'CssController',
  'plugin' => NULL,
)
Request URL: /cms_inline/css/cake.generic.css
Stack Trace:
#0 C:\xampp\htdocs\cms_inline\app\webroot\index.php(109): Dispatcher->dispatch(Object(CakeRequest), Object(CakeResponse))
#1 {main}
2013-05-01 00:13:32 Error: [MissingControllerException] Controller class CssController could not be found.
Exception Attributes: array (
  'class' => 'CssController',
  'plugin' => NULL,
)
Request URL: /cms_inline/css/login.css
Stack Trace:
#0 C:\xampp\htdocs\cms_inline\app\webroot\index.php(109): Dispatcher->dispatch(Object(CakeRequest), Object(CakeResponse))
#1 {main}
2013-05-01 00:13:54 Error: [MissingControllerException] Controller class CssController could not be found.
Exception Attributes: array (
  'class' => 'CssController',
  'plugin' => NULL,
)
Request URL: /cms_inline/css/login.css
Stack Trace:
#0 C:\xampp\htdocs\cms_inline\app\webroot\index.php(109): Dispatcher->dispatch(Object(CakeRequest), Object(CakeResponse))
#1 {main}
2013-05-01 00:14:41 Error: [MissingControllerException] Controller class CssController could not be found.
Exception Attributes: array (
  'class' => 'CssController',
  'plugin' => NULL,
)
Request URL: /cms_inline/css/login.css
Stack Trace:
#0 C:\xampp\htdocs\cms_inline\app\webroot\index.php(109): Dispatcher->dispatch(Object(CakeRequest), Object(CakeResponse))
#1 {main}
2013-05-01 00:15:19 Error: Fatal Error (1): Unsupported operand types in [C:\xampp\htdocs\cms_inline\lib\Cake\View\Helper\HtmlHelper.php, line 412]
2013-05-01 00:15:19 Error: [FatalErrorException] Unsupported operand types
Request URL: /cms_inline/Users/login
Stack Trace:
#0 C:\xampp\htdocs\cms_inline\lib\Cake\Error\ErrorHandler.php(184): ErrorHandler::handleFatalError(1, 'Unsupported ope...', 'C:\xampp\htdocs...', 412)
#1 [internal function]: ErrorHandler::handleError(1, 'Unsupported ope...', 'C:\xampp\htdocs...', 412, Array)
#2 C:\xampp\htdocs\cms_inline\lib\Cake\Core\App.php(926): call_user_func('ErrorHandler::h...', 1, 'Unsupported ope...', 'C:\xampp\htdocs...', 412, Array)
#3 C:\xampp\htdocs\cms_inline\lib\Cake\Core\App.php(899): App::_checkFatalError()
#4 [internal function]: App::shutdown()
#5 {main}
2013-05-01 00:15:35 Error: [MissingControllerException] Controller class CssController could not be found.
Exception Attributes: array (
  'class' => 'CssController',
  'plugin' => NULL,
)
Request URL: /cms_inline/css/login.css
Stack Trace:
#0 C:\xampp\htdocs\cms_inline\app\webroot\index.php(109): Dispatcher->dispatch(Object(CakeRequest), Object(CakeResponse))
#1 {main}
2013-05-01 00:16:15 Error: [MissingControllerException] Controller class CssController could not be found.
Exception Attributes: array (
  'class' => 'CssController',
  'plugin' => NULL,
)
Request URL: /cms_inline/css/login.css
Stack Trace:
#0 C:\xampp\htdocs\cms_inline\app\webroot\index.php(109): Dispatcher->dispatch(Object(CakeRequest), Object(CakeResponse))
#1 {main}
2013-05-01 00:17:03 Error: [MissingControllerException] Controller class CssController could not be found.
Exception Attributes: array (
  'class' => 'CssController',
  'plugin' => NULL,
)
Request URL: /cms_inline/css/login.css
Stack Trace:
#0 C:\xampp\htdocs\cms_inline\app\webroot\index.php(109): Dispatcher->dispatch(Object(CakeRequest), Object(CakeResponse))
#1 {main}
2013-05-01 00:17:06 Error: [MissingControllerException] Controller class CssController could not be found.
Exception Attributes: array (
  'class' => 'CssController',
  'plugin' => NULL,
)
Request URL: /cms_inline/css/login.css
Stack Trace:
#0 C:\xampp\htdocs\cms_inline\app\webroot\index.php(109): Dispatcher->dispatch(Object(CakeRequest), Object(CakeResponse))
#1 {main}
2013-05-01 00:17:36 Error: [MissingControllerException] Controller class CssController could not be found.
Exception Attributes: array (
  'class' => 'CssController',
  'plugin' => NULL,
)
Request URL: /cms_inline/css/login.css
Stack Trace:
#0 C:\xampp\htdocs\cms_inline\app\webroot\index.php(109): Dispatcher->dispatch(Object(CakeRequest), Object(CakeResponse))
#1 {main}
2013-05-01 00:17:55 Error: [MissingControllerException] Controller class AdminController could not be found.
Exception Attributes: array (
  'class' => 'AdminController',
  'plugin' => NULL,
)
Request URL: /cms_inline/admin
Stack Trace:
#0 C:\xampp\htdocs\cms_inline\app\webroot\index.php(109): Dispatcher->dispatch(Object(CakeRequest), Object(CakeResponse))
#1 {main}
2013-05-01 00:17:55 Error: [MissingControllerException] Controller class AdminController could not be found.
Exception Attributes: array (
  'class' => 'AdminController',
  'plugin' => NULL,
)
Request URL: /cms_inline/admin/
Stack Trace:
#0 C:\xampp\htdocs\cms_inline\app\webroot\index.php(109): Dispatcher->dispatch(Object(CakeRequest), Object(CakeResponse))
#1 {main}
2013-05-01 00:18:29 Error: [MissingControllerException] Controller class CssController could not be found.
Exception Attributes: array (
  'class' => 'CssController',
  'plugin' => NULL,
)
Request URL: /cms_inline/css/login.css
Stack Trace:
#0 C:\xampp\htdocs\cms_inline\app\webroot\index.php(109): Dispatcher->dispatch(Object(CakeRequest), Object(CakeResponse))
#1 {main}
2013-05-01 00:19:24 Error: [MissingControllerException] Controller class CssController could not be found.
Exception Attributes: array (
  'class' => 'CssController',
  'plugin' => NULL,
)
Request URL: /cms_inline/css/login.css
Stack Trace:
#0 C:\xampp\htdocs\cms_inline\app\webroot\index.php(109): Dispatcher->dispatch(Object(CakeRequest), Object(CakeResponse))
#1 {main}
2013-05-01 00:19:29 Error: [MissingControllerException] Controller class CssController could not be found.
Exception Attributes: array (
  'class' => 'CssController',
  'plugin' => NULL,
)
Request URL: /cms_inline/css/login.css
Stack Trace:
#0 C:\xampp\htdocs\cms_inline\app\webroot\index.php(109): Dispatcher->dispatch(Object(CakeRequest), Object(CakeResponse))
#1 {main}
2013-05-01 00:19:40 Error: [MissingActionException] Action UsersController::admin_login() could not be found.
Exception Attributes: array (
  'controller' => 'UsersController',
  'action' => 'admin_login',
)
Request URL: /cms_inline/admin/Users/login
Stack Trace:
#0 C:\xampp\htdocs\cms_inline\lib\Cake\Routing\Dispatcher.php(187): Controller->invokeAction(Object(CakeRequest))
#1 C:\xampp\htdocs\cms_inline\lib\Cake\Routing\Dispatcher.php(162): Dispatcher->_invoke(Object(UsersController), Object(CakeRequest), Object(CakeResponse))
#2 C:\xampp\htdocs\cms_inline\app\webroot\index.php(109): Dispatcher->dispatch(Object(CakeRequest), Object(CakeResponse))
#3 {main}
2013-05-01 00:19:41 Error: [MissingActionException] Action UsersController::admin_login() could not be found.
Exception Attributes: array (
  'controller' => 'UsersController',
  'action' => 'admin_login',
)
Request URL: /cms_inline/admin/Users/login
Stack Trace:
#0 C:\xampp\htdocs\cms_inline\lib\Cake\Routing\Dispatcher.php(187): Controller->invokeAction(Object(CakeRequest))
#1 C:\xampp\htdocs\cms_inline\lib\Cake\Routing\Dispatcher.php(162): Dispatcher->_invoke(Object(UsersController), Object(CakeRequest), Object(CakeResponse))
#2 C:\xampp\htdocs\cms_inline\app\webroot\index.php(109): Dispatcher->dispatch(Object(CakeRequest), Object(CakeResponse))
#3 {main}
2013-05-01 00:22:53 Error: [MissingActionException] Action UsersController::admin_login() could not be found.
Exception Attributes: array (
  'controller' => 'UsersController',
  'action' => 'admin_login',
)
Request URL: /cms_inline/admin/Users/login
Stack Trace:
#0 C:\xampp\htdocs\cms_inline\lib\Cake\Routing\Dispatcher.php(187): Controller->invokeAction(Object(CakeRequest))
#1 C:\xampp\htdocs\cms_inline\lib\Cake\Routing\Dispatcher.php(162): Dispatcher->_invoke(Object(UsersController), Object(CakeRequest), Object(CakeResponse))
#2 C:\xampp\htdocs\cms_inline\app\webroot\index.php(109): Dispatcher->dispatch(Object(CakeRequest), Object(CakeResponse))
#3 {main}
2013-05-01 00:23:10 Error: [MissingViewException] View file "C:\xampp\htdocs\cms_inline\app\View\Users\admin_login.ctp" is missing.
Exception Attributes: array (
  'file' => 'C:\\xampp\\htdocs\\cms_inline\\app\\View\\Users\\admin_login.ctp',
)
Request URL: /cms_inline/admin/Users/login
Stack Trace:
#0 C:\xampp\htdocs\cms_inline\lib\Cake\View\View.php(468): View->_getViewFileName(NULL)
#1 C:\xampp\htdocs\cms_inline\lib\Cake\Controller\Controller.php(948): View->render(NULL, NULL)
#2 C:\xampp\htdocs\cms_inline\lib\Cake\Routing\Dispatcher.php(194): Controller->render()
#3 C:\xampp\htdocs\cms_inline\lib\Cake\Routing\Dispatcher.php(162): Dispatcher->_invoke(Object(UsersController), Object(CakeRequest), Object(CakeResponse))
#4 C:\xampp\htdocs\cms_inline\app\webroot\index.php(109): Dispatcher->dispatch(Object(CakeRequest), Object(CakeResponse))
#5 {main}
2013-05-01 00:23:27 Error: [MissingControllerException] Controller class CssController could not be found.
Exception Attributes: array (
  'class' => 'CssController',
  'plugin' => NULL,
)
Request URL: /cms_inline/css/login.css
Stack Trace:
#0 C:\xampp\htdocs\cms_inline\app\webroot\index.php(109): Dispatcher->dispatch(Object(CakeRequest), Object(CakeResponse))
#1 {main}
2013-05-01 00:23:57 Error: [MissingControllerException] Controller class CssController could not be found.
Exception Attributes: array (
  'class' => 'CssController',
  'plugin' => NULL,
)
Request URL: /cms_inline/css/login.css
Stack Trace:
#0 C:\xampp\htdocs\cms_inline\app\webroot\index.php(109): Dispatcher->dispatch(Object(CakeRequest), Object(CakeResponse))
#1 {main}
2013-05-01 00:24:01 Error: [MissingActionException] Action UsersController::login() could not be found.
Exception Attributes: array (
  'controller' => 'UsersController',
  'action' => 'login',
)
Request URL: /cms_inline/Users/login
Stack Trace:
#0 C:\xampp\htdocs\cms_inline\lib\Cake\Routing\Dispatcher.php(187): Controller->invokeAction(Object(CakeRequest))
#1 C:\xampp\htdocs\cms_inline\lib\Cake\Routing\Dispatcher.php(162): Dispatcher->_invoke(Object(UsersController), Object(CakeRequest), Object(CakeResponse))
#2 C:\xampp\htdocs\cms_inline\app\webroot\index.php(109): Dispatcher->dispatch(Object(CakeRequest), Object(CakeResponse))
#3 {main}
2013-05-01 00:25:22 Error: [MissingControllerException] Controller class CssController could not be found.
Exception Attributes: array (
  'class' => 'CssController',
  'plugin' => NULL,
)
Request URL: /cms_inline/css/login.css
Stack Trace:
#0 C:\xampp\htdocs\cms_inline\app\webroot\index.php(109): Dispatcher->dispatch(Object(CakeRequest), Object(CakeResponse))
#1 {main}
2013-05-01 00:28:57 Error: Fatal Error (1): Call to a member function set() on a non-object in [C:\xampp\htdocs\cms_inline\app\Controller\AppController.php, line 53]
2013-05-01 00:28:57 Error: [FatalErrorException] Call to a member function set() on a non-object
Request URL: /cms_inline/
Stack Trace:
#0 C:\xampp\htdocs\cms_inline\lib\Cake\Error\ErrorHandler.php(184): ErrorHandler::handleFatalError(1, 'Call to a membe...', 'C:\xampp\htdocs...', 53)
#1 [internal function]: ErrorHandler::handleError(1, 'Call to a membe...', 'C:\xampp\htdocs...', 53, Array)
#2 C:\xampp\htdocs\cms_inline\lib\Cake\Core\App.php(926): call_user_func('ErrorHandler::h...', 1, 'Call to a membe...', 'C:\xampp\htdocs...', 53, Array)
#3 C:\xampp\htdocs\cms_inline\lib\Cake\Core\App.php(899): App::_checkFatalError()
#4 [internal function]: App::shutdown()
#5 {main}
2013-05-01 00:29:25 Error: Fatal Error (1): Call to a member function set() on a non-object in [C:\xampp\htdocs\cms_inline\app\Controller\AppController.php, line 53]
2013-05-01 00:29:25 Error: [FatalErrorException] Call to a member function set() on a non-object
Request URL: /cms_inline/
Stack Trace:
#0 C:\xampp\htdocs\cms_inline\lib\Cake\Error\ErrorHandler.php(184): ErrorHandler::handleFatalError(1, 'Call to a membe...', 'C:\xampp\htdocs...', 53)
#1 [internal function]: ErrorHandler::handleError(1, 'Call to a membe...', 'C:\xampp\htdocs...', 53, Array)
#2 C:\xampp\htdocs\cms_inline\lib\Cake\Core\App.php(926): call_user_func('ErrorHandler::h...', 1, 'Call to a membe...', 'C:\xampp\htdocs...', 53, Array)
#3 C:\xampp\htdocs\cms_inline\lib\Cake\Core\App.php(899): App::_checkFatalError()
#4 [internal function]: App::shutdown()
#5 {main}
2013-05-01 00:31:06 Error: Fatal Error (1): Call to a member function set() on a non-object in [C:\xampp\htdocs\cms_inline\app\Controller\AppController.php, line 53]
2013-05-01 00:31:06 Error: [FatalErrorException] Call to a member function set() on a non-object
Request URL: /cms_inline/
Stack Trace:
#0 C:\xampp\htdocs\cms_inline\lib\Cake\Error\ErrorHandler.php(184): ErrorHandler::handleFatalError(1, 'Call to a membe...', 'C:\xampp\htdocs...', 53)
#1 [internal function]: ErrorHandler::handleError(1, 'Call to a membe...', 'C:\xampp\htdocs...', 53, Array)
#2 C:\xampp\htdocs\cms_inline\lib\Cake\Core\App.php(926): call_user_func('ErrorHandler::h...', 1, 'Call to a membe...', 'C:\xampp\htdocs...', 53, Array)
#3 C:\xampp\htdocs\cms_inline\lib\Cake\Core\App.php(899): App::_checkFatalError()
#4 [internal function]: App::shutdown()
#5 {main}
2013-05-01 00:31:28 Error: Fatal Error (1): Call to a member function set() on a non-object in [C:\xampp\htdocs\cms_inline\app\Controller\AppController.php, line 53]
2013-05-01 00:31:28 Error: [FatalErrorException] Call to a member function set() on a non-object
Request URL: /cms_inline/
Stack Trace:
#0 C:\xampp\htdocs\cms_inline\lib\Cake\Error\ErrorHandler.php(184): ErrorHandler::handleFatalError(1, 'Call to a membe...', 'C:\xampp\htdocs...', 53)
#1 [internal function]: ErrorHandler::handleError(1, 'Call to a membe...', 'C:\xampp\htdocs...', 53, Array)
#2 C:\xampp\htdocs\cms_inline\lib\Cake\Core\App.php(926): call_user_func('ErrorHandler::h...', 1, 'Call to a membe...', 'C:\xampp\htdocs...', 53, Array)
#3 C:\xampp\htdocs\cms_inline\lib\Cake\Core\App.php(899): App::_checkFatalError()
#4 [internal function]: App::shutdown()
#5 {main}
2013-05-01 00:32:23 Error: Fatal Error (1): Call to a member function set() on a non-object in [C:\xampp\htdocs\cms_inline\app\Controller\AppController.php, line 53]
2013-05-01 00:32:23 Error: [FatalErrorException] Call to a member function set() on a non-object
Request URL: /cms_inline/
Stack Trace:
#0 C:\xampp\htdocs\cms_inline\lib\Cake\Error\ErrorHandler.php(184): ErrorHandler::handleFatalError(1, 'Call to a membe...', 'C:\xampp\htdocs...', 53)
#1 [internal function]: ErrorHandler::handleError(1, 'Call to a membe...', 'C:\xampp\htdocs...', 53, Array)
#2 C:\xampp\htdocs\cms_inline\lib\Cake\Core\App.php(926): call_user_func('ErrorHandler::h...', 1, 'Call to a membe...', 'C:\xampp\htdocs...', 53, Array)
#3 C:\xampp\htdocs\cms_inline\lib\Cake\Core\App.php(899): App::_checkFatalError()
#4 [internal function]: App::shutdown()
#5 {main}
2013-05-01 00:33:15 Error: Fatal Error (1): Call to a member function set() on a non-object in [C:\xampp\htdocs\cms_inline\app\Controller\AppController.php, line 53]
2013-05-01 00:33:15 Error: [FatalErrorException] Call to a member function set() on a non-object
Request URL: /cms_inline/
Stack Trace:
#0 C:\xampp\htdocs\cms_inline\lib\Cake\Error\ErrorHandler.php(184): ErrorHandler::handleFatalError(1, 'Call to a membe...', 'C:\xampp\htdocs...', 53)
#1 [internal function]: ErrorHandler::handleError(1, 'Call to a membe...', 'C:\xampp\htdocs...', 53, Array)
#2 C:\xampp\htdocs\cms_inline\lib\Cake\Core\App.php(926): call_user_func('ErrorHandler::h...', 1, 'Call to a membe...', 'C:\xampp\htdocs...', 53, Array)
#3 C:\xampp\htdocs\cms_inline\lib\Cake\Core\App.php(899): App::_checkFatalError()
#4 [internal function]: App::shutdown()
#5 {main}
2013-05-01 00:33:32 Error: Fatal Error (1): Call to a member function set() on a non-object in [C:\xampp\htdocs\cms_inline\app\Controller\AppController.php, line 53]
2013-05-01 00:33:32 Error: [FatalErrorException] Call to a member function set() on a non-object
Request URL: /cms_inline/
Stack Trace:
#0 C:\xampp\htdocs\cms_inline\lib\Cake\Error\ErrorHandler.php(184): ErrorHandler::handleFatalError(1, 'Call to a membe...', 'C:\xampp\htdocs...', 53)
#1 [internal function]: ErrorHandler::handleError(1, 'Call to a membe...', 'C:\xampp\htdocs...', 53, Array)
#2 C:\xampp\htdocs\cms_inline\lib\Cake\Core\App.php(926): call_user_func('ErrorHandler::h...', 1, 'Call to a membe...', 'C:\xampp\htdocs...', 53, Array)
#3 C:\xampp\htdocs\cms_inline\lib\Cake\Core\App.php(899): App::_checkFatalError()
#4 [internal function]: App::shutdown()
#5 {main}
2013-05-01 00:34:08 Error: Fatal Error (1): Call to a member function set() on a non-object in [C:\xampp\htdocs\cms_inline\app\Controller\AppController.php, line 62]
2013-05-01 00:34:08 Error: [FatalErrorException] Call to a member function set() on a non-object
Request URL: /cms_inline/
Stack Trace:
#0 C:\xampp\htdocs\cms_inline\lib\Cake\Error\ErrorHandler.php(184): ErrorHandler::handleFatalError(1, 'Call to a membe...', 'C:\xampp\htdocs...', 62)
#1 [internal function]: ErrorHandler::handleError(1, 'Call to a membe...', 'C:\xampp\htdocs...', 62, Array)
#2 C:\xampp\htdocs\cms_inline\lib\Cake\Core\App.php(926): call_user_func('ErrorHandler::h...', 1, 'Call to a membe...', 'C:\xampp\htdocs...', 62, Array)
#3 C:\xampp\htdocs\cms_inline\lib\Cake\Core\App.php(899): App::_checkFatalError()
#4 [internal function]: App::shutdown()
#5 {main}
2013-05-01 00:34:28 Error: Fatal Error (1): Call to a member function set() on a non-object in [C:\xampp\htdocs\cms_inline\app\Controller\AppController.php, line 62]
2013-05-01 00:34:28 Error: [FatalErrorException] Call to a member function set() on a non-object
Request URL: /cms_inline/
Stack Trace:
#0 C:\xampp\htdocs\cms_inline\lib\Cake\Error\ErrorHandler.php(184): ErrorHandler::handleFatalError(1, 'Call to a membe...', 'C:\xampp\htdocs...', 62)
#1 [internal function]: ErrorHandler::handleError(1, 'Call to a membe...', 'C:\xampp\htdocs...', 62, Array)
#2 C:\xampp\htdocs\cms_inline\lib\Cake\Core\App.php(926): call_user_func('ErrorHandler::h...', 1, 'Call to a membe...', 'C:\xampp\htdocs...', 62, Array)
#3 C:\xampp\htdocs\cms_inline\lib\Cake\Core\App.php(899): App::_checkFatalError()
#4 [internal function]: App::shutdown()
#5 {main}
2013-05-01 00:35:40 Error: Fatal Error (1): Call to a member function set() on a non-object in [C:\xampp\htdocs\cms_inline\app\Controller\AppController.php, line 62]
2013-05-01 00:35:40 Error: [FatalErrorException] Call to a member function set() on a non-object
Request URL: /cms_inline/
Stack Trace:
#0 C:\xampp\htdocs\cms_inline\lib\Cake\Error\ErrorHandler.php(184): ErrorHandler::handleFatalError(1, 'Call to a membe...', 'C:\xampp\htdocs...', 62)
#1 [internal function]: ErrorHandler::handleError(1, 'Call to a membe...', 'C:\xampp\htdocs...', 62, Array)
#2 C:\xampp\htdocs\cms_inline\lib\Cake\Core\App.php(926): call_user_func('ErrorHandler::h...', 1, 'Call to a membe...', 'C:\xampp\htdocs...', 62, Array)
#3 C:\xampp\htdocs\cms_inline\lib\Cake\Core\App.php(899): App::_checkFatalError()
#4 [internal function]: App::shutdown()
#5 {main}
2013-05-01 00:47:05 Error: [MissingTableException] Table paginas for model Pagina was not found in datasource default.
Exception Attributes: array (
  'table' => 'paginas',
  'class' => 'Pagina',
  'ds' => 'default',
)
Request URL: /cms_inline/
Stack Trace:
#0 C:\xampp\htdocs\cms_inline\lib\Cake\Model\Model.php(3243): Model->setSource('paginas')
#1 C:\xampp\htdocs\cms_inline\lib\Cake\Model\Model.php(2795): Model->getDataSource()
#2 C:\xampp\htdocs\cms_inline\lib\Cake\Model\Model.php(2732): Model->_findCount('before', Array)
#3 C:\xampp\htdocs\cms_inline\lib\Cake\Model\Model.php(2691): Model->buildQuery('count', Array)
#4 C:\xampp\htdocs\cms_inline\app\Controller\PaginasController.php(6): Model->find('count', Array)
#5 [internal function]: PaginasController->display('home')
#6 C:\xampp\htdocs\cms_inline\lib\Cake\Controller\Controller.php(486): ReflectionMethod->invokeArgs(Object(PaginasController), Array)
#7 C:\xampp\htdocs\cms_inline\lib\Cake\Routing\Dispatcher.php(187): Controller->invokeAction(Object(CakeRequest))
#8 C:\xampp\htdocs\cms_inline\lib\Cake\Routing\Dispatcher.php(162): Dispatcher->_invoke(Object(PaginasController), Object(CakeRequest), Object(CakeResponse))
#9 C:\xampp\htdocs\cms_inline\app\webroot\index.php(109): Dispatcher->dispatch(Object(CakeRequest), Object(CakeResponse))
#10 {main}
2013-05-01 00:53:52 Error: [NotFoundException] Ops! A página que você tentou acessar não existe!
Request URL: /cms_inline/
Stack Trace:
#0 [internal function]: PaginasController->display('home')
#1 C:\xampp\htdocs\cms_inline\lib\Cake\Controller\Controller.php(486): ReflectionMethod->invokeArgs(Object(PaginasController), Array)
#2 C:\xampp\htdocs\cms_inline\lib\Cake\Routing\Dispatcher.php(187): Controller->invokeAction(Object(CakeRequest))
#3 C:\xampp\htdocs\cms_inline\lib\Cake\Routing\Dispatcher.php(162): Dispatcher->_invoke(Object(PaginasController), Object(CakeRequest), Object(CakeResponse))
#4 C:\xampp\htdocs\cms_inline\app\webroot\index.php(109): Dispatcher->dispatch(Object(CakeRequest), Object(CakeResponse))
#5 {main}
2013-05-01 01:00:52 Error: [MissingControllerException] Controller class CssController could not be found.
Exception Attributes: array (
  'class' => 'CssController',
  'plugin' => NULL,
)
Request URL: /cms_inline/css/login.css
Stack Trace:
#0 C:\xampp\htdocs\cms_inline\app\webroot\index.php(109): Dispatcher->dispatch(Object(CakeRequest), Object(CakeResponse))
#1 {main}
2013-05-01 01:08:10 Error: [MissingControllerException] Controller class InstalaController could not be found.
Exception Attributes: array (
  'class' => 'InstalaController',
  'plugin' => NULL,
)
Request URL: /cms_inline/instala
Stack Trace:
#0 C:\xampp\htdocs\cms_inline\app\webroot\index.php(109): Dispatcher->dispatch(Object(CakeRequest), Object(CakeResponse))
#1 {main}
2013-05-01 01:08:54 Error: Fatal Error (1): Call to undefined function is() in [C:\xampp\htdocs\cms_inline\app\Controller\UsersController.php, line 11]
2013-05-01 01:08:54 Error: [FatalErrorException] Call to undefined function is()
Request URL: /cms_inline/instalar
Stack Trace:
#0 C:\xampp\htdocs\cms_inline\lib\Cake\Error\ErrorHandler.php(184): ErrorHandler::handleFatalError(1, 'Call to undefin...', 'C:\xampp\htdocs...', 11)
#1 [internal function]: ErrorHandler::handleError(1, 'Call to undefin...', 'C:\xampp\htdocs...', 11, Array)
#2 C:\xampp\htdocs\cms_inline\lib\Cake\Core\App.php(926): call_user_func('ErrorHandler::h...', 1, 'Call to undefin...', 'C:\xampp\htdocs...', 11, Array)
#3 C:\xampp\htdocs\cms_inline\lib\Cake\Core\App.php(899): App::_checkFatalError()
#4 [internal function]: App::shutdown()
#5 {main}
2013-05-01 01:09:06 Error: [MissingViewException] View file "C:\xampp\htdocs\cms_inline\app\View\Users\instalar.ctp" is missing.
Exception Attributes: array (
  'file' => 'C:\\xampp\\htdocs\\cms_inline\\app\\View\\Users\\instalar.ctp',
)
Request URL: /cms_inline/instalar
Stack Trace:
#0 C:\xampp\htdocs\cms_inline\lib\Cake\View\View.php(468): View->_getViewFileName(NULL)
#1 C:\xampp\htdocs\cms_inline\lib\Cake\Controller\Controller.php(948): View->render(NULL, NULL)
#2 C:\xampp\htdocs\cms_inline\lib\Cake\Routing\Dispatcher.php(194): Controller->render()
#3 C:\xampp\htdocs\cms_inline\lib\Cake\Routing\Dispatcher.php(162): Dispatcher->_invoke(Object(UsersController), Object(CakeRequest), Object(CakeResponse))
#4 C:\xampp\htdocs\cms_inline\app\webroot\index.php(109): Dispatcher->dispatch(Object(CakeRequest), Object(CakeResponse))
#5 {main}
2013-05-01 01:14:30 Error: [MissingControllerException] Controller class CssController could not be found.
Exception Attributes: array (
  'class' => 'CssController',
  'plugin' => NULL,
)
Request URL: /cms_inline/css/login.css
Stack Trace:
#0 C:\xampp\htdocs\cms_inline\app\webroot\index.php(109): Dispatcher->dispatch(Object(CakeRequest), Object(CakeResponse))
#1 {main}
2013-05-01 01:15:59 Error: [MissingControllerException] Controller class CssController could not be found.
Exception Attributes: array (
  'class' => 'CssController',
  'plugin' => NULL,
)
Request URL: /cms_inline/css/login.css
Stack Trace:
#0 C:\xampp\htdocs\cms_inline\app\webroot\index.php(109): Dispatcher->dispatch(Object(CakeRequest), Object(CakeResponse))
#1 {main}
2013-05-01 02:11:32 Error: [MissingControllerException] Controller class CssController could not be found.
Exception Attributes: array (
  'class' => 'CssController',
  'plugin' => NULL,
)
Request URL: /cms_inline/css/font-awesome.min.css
Stack Trace:
#0 C:\xampp\htdocs\cms_inline\app\webroot\index.php(109): Dispatcher->dispatch(Object(CakeRequest), Object(CakeResponse))
#1 {main}
2013-05-01 02:12:04 Error: [MissingControllerException] Controller class CssController could not be found.
Exception Attributes: array (
  'class' => 'CssController',
  'plugin' => NULL,
)
Request URL: /cms_inline/css/font-awesome.min.css
Stack Trace:
#0 C:\xampp\htdocs\cms_inline\app\webroot\index.php(109): Dispatcher->dispatch(Object(CakeRequest), Object(CakeResponse))
#1 {main}
2013-05-01 02:12:04 Error: [MissingControllerException] Controller class CssController could not be found.
Exception Attributes: array (
  'class' => 'CssController',
  'plugin' => NULL,
)
Request URL: /cms_inline/css/font-awesome.min.css
Stack Trace:
#0 C:\xampp\htdocs\cms_inline\app\webroot\index.php(109): Dispatcher->dispatch(Object(CakeRequest), Object(CakeResponse))
#1 {main}
2013-05-01 02:12:12 Error: [MissingControllerException] Controller class CssController could not be found.
Exception Attributes: array (
  'class' => 'CssController',
  'plugin' => NULL,
)
Request URL: /cms_inline/css/font-awesome..css
Stack Trace:
#0 C:\xampp\htdocs\cms_inline\app\webroot\index.php(109): Dispatcher->dispatch(Object(CakeRequest), Object(CakeResponse))
#1 {main}
2013-05-01 02:12:13 Error: [MissingControllerException] Controller class CssController could not be found.
Exception Attributes: array (
  'class' => 'CssController',
  'plugin' => NULL,
)
Request URL: /cms_inline/css/font-awesome.min.css
Stack Trace:
#0 C:\xampp\htdocs\cms_inline\app\webroot\index.php(109): Dispatcher->dispatch(Object(CakeRequest), Object(CakeResponse))
#1 {main}
2013-05-01 02:17:20 Error: [MissingControllerException] Controller class JsController could not be found.
Exception Attributes: array (
  'class' => 'JsController',
  'plugin' => NULL,
)
Request URL: /cms_inline/js/jquery.js
Stack Trace:
#0 C:\xampp\htdocs\cms_inline\app\webroot\index.php(109): Dispatcher->dispatch(Object(CakeRequest), Object(CakeResponse))
#1 {main}
2013-05-01 02:17:25 Error: [MissingControllerException] Controller class JsController could not be found.
Exception Attributes: array (
  'class' => 'JsController',
  'plugin' => NULL,
)
Request URL: /cms_inline/js/jquery.js
Stack Trace:
#0 C:\xampp\htdocs\cms_inline\app\webroot\index.php(109): Dispatcher->dispatch(Object(CakeRequest), Object(CakeResponse))
#1 {main}
2013-05-01 02:17:25 Error: [MissingControllerException] Controller class JsController could not be found.
Exception Attributes: array (
  'class' => 'JsController',
  'plugin' => NULL,
)
Request URL: /cms_inline/js/jquery.js
Stack Trace:
#0 C:\xampp\htdocs\cms_inline\app\webroot\index.php(109): Dispatcher->dispatch(Object(CakeRequest), Object(CakeResponse))
#1 {main}
